Mplus VERSION 8.11
MUTHEN & MUTHEN
11/05/2024   6:39 PM

INPUT INSTRUCTIONS

  TITLE:
  Step3 - 3step LSAY - BCH Method
  DATA:
  FILE = "C:/Users/dnajiarch/Box/TA - ED 201/Labs/ucsb-mixture-lab5/bch_mplus/
  Step3.dat";
  VARIABLE:
  NAMES = ENJOY GOOD UNDRSTND NERVOUS SCARED USEFUL LOGICAL JOB ADULT FEMALE MATH_IRT
       BCHW1 BCHW2 BCHW3 BCHW4 CPROB1 CPROB2 CPROB3 CPROB4 N;
   MISSING=.;
   nominal=N;
    usevar = n;
    classes = c(4);

    usevar = BCHW1-BCHW4 female math_irt;

    training = BCHW1-BCHW4(bch);
  ANALYSIS:
  estimator = mlr;
    type = mixture;
    starts = 0;
  MODEL:
  %OVERALL%

   math_irt on female; ! covariate as a predictor of the distal outcome
  C on female;      ! covariate as predictor of C

  %C#1%

  [math_irt](m1);    ! conditional distal mean
  math_irt;          ! conditional distal variance (freely estimated)

  %C#2%

  [math_irt](m2);
  math_irt;

  %C#3%

  [math_irt](m3);
  math_irt;

  %C#4%

  [math_irt](m4);
  math_irt;
  MODEL CONSTRAINT:
  New (diff12 diff13 diff23
      diff14 diff24 diff34);

      diff12 = m1-m2;  ! test pairwise distal mean differences
      diff13 = m1-m3;
      diff23 = m2-m3;
      diff14 = m1-m4;
      diff24 = m2-m4;
      diff34 = m3-m4;
  MODEL TEST:
       ! omnibus test of distal means
      m1=m2;
      m2=m3;
      m3=m4;



INPUT READING TERMINATED NORMALLY




Step3 - 3step LSAY - BCH Method

SUMMARY OF ANALYSIS

Number of groups                                                 1
Number of observations                                        2675

Number of dependent variables                                    2
Number of independent variables                                  1
Number of continuous latent variables                            0
Number of categorical latent variables                           1

Observed dependent variables

  Continuous
   MATH_IRT

  Unordered categorical (nominal)
   N

Observed independent variables
   FEMALE

Categorical latent variables
   C

Variables with special functions

  Training variables (BCH)
   BCHW1       BCHW2       BCHW3       BCHW4


Estimator                                                      MLR
Information matrix                                        OBSERVED
Optimization Specifications for the Quasi-Newton Algorithm for
Continuous Outcomes
  Maximum number of iterations                                 100
  Convergence criterion                                  0.100D-05
Optimization Specifications for the EM Algorithm
  Maximum number of iterations                                 500
  Convergence criteria
    Loglikelihood change                                 0.100D-06
    Relative loglikelihood change                        0.100D-06
    Derivative                                           0.100D-05
Optimization Specifications for the M step of the EM Algorithm for
Categorical Latent variables
  Number of M step iterations                                    1
  M step convergence criterion                           0.100D-05
  Basis for M step termination                           ITERATION
Optimization Specifications for the M step of the EM Algorithm for
Censored, Binary or Ordered Categorical (Ordinal), Unordered
Categorical (Nominal) and Count Outcomes
  Number of M step iterations                                    1
  M step convergence criterion                           0.100D-05
  Basis for M step termination                           ITERATION
  Maximum value for logit thresholds                            15
  Minimum value for logit thresholds                           -15
  Minimum expected cell size for chi-square              0.100D-01
Maximum number of iterations for H1                           2000
Convergence criterion for H1                             0.100D-03
Optimization algorithm                                         EMA

Input data file(s)
  C:/Users/dnajiarch/Box/TA - ED 201/Labs/ucsb-mixture-lab5/bch_mplus/Step3.dat
Input data format  FREE


SUMMARY OF DATA

     Number of missing data patterns             2
     Number of y missing data patterns           2
     Number of u missing data patterns           0


COVARIANCE COVERAGE OF DATA

Minimum covariance coverage value   0.100


     PROPORTION OF DATA PRESENT FOR Y


           Covariance Coverage
              MATH_IRT      FEMALE
              ________      ________
 MATH_IRT       0.771
 FEMALE         0.771         1.000


UNIVARIATE PROPORTIONS AND COUNTS FOR CATEGORICAL VARIABLES

    N
      Category 1    0.493         1319.000
      Category 2    0.105          282.000
      Category 3    0.198          529.000
      Category 4    0.204          545.000



UNIVARIATE SAMPLE STATISTICS


     UNIVARIATE HIGHER-ORDER MOMENT DESCRIPTIVE STATISTICS

         Variable/         Mean/     Skewness/   Minimum/ % with                Percentiles
        Sample Size      Variance    Kurtosis    Maximum  Min/Max      20%/60%    40%/80%    Median

     MATH_IRT             58.829      -0.068      26.570    0.05%      47.240     55.710     59.290
            2063.000     157.729      -0.541      94.190    0.05%      62.900     70.160
     FEMALE                0.515      -0.059       0.000   48.52%       0.000      0.000      1.000
            2675.000       0.250      -1.997       1.000   51.48%       1.000      1.000

     THE MODEL ESTIMATION DID NOT TERMINATE NORMALLY DUE TO A NON-ZERO
     DERIVATIVE OF THE OBSERVED-DATA LOGLIKELIHOOD.

     THE MCONVERGENCE CRITERION OF THE EM ALGORITHM IS NOT FULFILLED.
     CHECK YOUR STARTING VALUES OR INCREASE THE NUMBER OF MITERATIONS.
     ESTIMATES CANNOT BE TRUSTED.  THE LOGLIKELIHOOD DERIVATIVE
     FOR THE FOLLOWING PARAMETER IS  0.60674020D-01:
     Parameter 16, %C#1%: [ N#1 ]






FINAL CLASS COUNTS AND PROPORTIONS FOR THE LATENT CLASSES
BASED ON THE ESTIMATED MODEL

    Latent
   Classes

       1       1275.38200          0.47678
       2        283.28100          0.10590
       3        525.85700          0.19658
       4        590.48000          0.22074


FINAL CLASS COUNTS AND PROPORTIONS FOR THE LATENT CLASSES
BASED ON ESTIMATED POSTERIOR PROBABILITIES

    Latent
   Classes

       1       1275.38200          0.47678
       2        283.28100          0.10590
       3        525.85700          0.19658
       4        590.48000          0.22074


FINAL CLASS COUNTS AND PROPORTIONS FOR THE LATENT CLASSES
BASED ON THEIR MOST LIKELY LATENT CLASS MEMBERSHIP

Class Counts and Proportions

    Latent
   Classes

       1             1319          0.49308
       2              282          0.10542
       3              529          0.19776
       4              545          0.20374


Average Latent Class Probabilities for Most Likely Latent Class Membership (Row)
by Latent Class (Column)

           1        2        3        4

    1   1.086    0.003    -.040    -.049
    2   0.021    1.147    -.076    -.092
    3   -.101    -.035    1.226    -.090
    4   -.201    -.047    -.089    1.337


Classification Probabilities for the Most Likely Latent Class Membership (Column)
by Latent Class (Row)

           1        2        3        4

    1   1.123    0.005    -.042    -.086
    2   0.014    1.142    -.065    -.090
    3   -.100    -.041    1.233    -.092
    4   -.109    -.044    -.081    1.234


Logits for the Classification Probabilities for the Most Likely Latent Class Membership (Column)
by Latent Class (Row)

              1        2        3        4

    1     13.932    8.443    0.000    0.000
    2      9.545   13.948    0.000    0.000
    3      0.000    0.000   14.025    0.000
    4    -14.026  -14.026  -14.026    0.000


MODEL RESULTS

                    Estimate

Latent Class 1

 MATH_IRT   ON
    FEMALE            -1.660

 Means
    N#1              707.267
    N#2              701.779
    N#3                0.000

 Intercepts
    MATH_IRT          63.177

 Residual Variances
    MATH_IRT         139.029

Latent Class 2

 MATH_IRT   ON
    FEMALE            -1.660

 Means
    N#1              701.375
    N#2              705.779
    N#3                0.000

 Intercepts
    MATH_IRT          53.420

 Residual Variances
    MATH_IRT         165.936

Latent Class 3

 MATH_IRT   ON
    FEMALE            -1.660

 Means
    N#1                0.000
    N#2                0.000
    N#3              706.475

 Intercepts
    MATH_IRT          54.211

 Residual Variances
    MATH_IRT         113.260

Latent Class 4

 MATH_IRT   ON
    FEMALE            -1.660

 Means
    N#1              -15.000
    N#2              -15.000
    N#3              -15.000

 Intercepts
    MATH_IRT          59.397

 Residual Variances
    MATH_IRT         160.580

Categorical Latent Variables

 C#1        ON
    FEMALE             0.052

 C#2        ON
    FEMALE             0.231

 C#3        ON
    FEMALE            -0.507

 Intercepts
    C#1                0.742
    C#2               -0.863
    C#3                0.120

New/Additional Parameters
    DIFF12             9.757
    DIFF13             8.966
    DIFF23            -0.792
    DIFF14             3.780
    DIFF24            -5.978
    DIFF34            -5.186


MODEL COMMAND WITH FINAL ESTIMATES USED AS STARTING VALUES

     %OVERALL%

     math_irt ON female;

     c#1 ON female*0.05173;
     c#2 ON female*0.23058;
     c#3 ON female*-0.50731;

     [ c#1*0.74246 ];
     [ c#2*-0.86266 ];
     [ c#3*0.11956 ];

     %C#1%

     math_irt ON female*-1.65997 (2);

     [ math_irt*63.17709 ] (m1);
     [ n#1*707.26715 ];
     [ n#2*701.77869 ];
     [ n#3*0 ];

     math_irt*139.02878;

     %C#2%

     math_irt ON female*-1.65997 (2);

     [ math_irt*53.41966 ] (m2);
     [ n#1*701.37549 ];
     [ n#2*705.77905 ];
     [ n#3*0 ];

     math_irt*165.93634;

     %C#3%

     math_irt ON female*-1.65997 (2);

     [ math_irt*54.21139 ] (m3);
     [ n#1*0 ];
     [ n#2*0 ];
     [ n#3*706.47473 ];

     math_irt*113.26039;

     %C#4%

     math_irt ON female*-1.65997 (2);

     [ math_irt*59.39718 ] (m4);
     [ n#1*-15 ];
     [ n#2*-15 ];
     [ n#3*-15 ];

     math_irt*160.57999;

     ! NEW statements in MODEL CONSTRAINT
     NEW(diff12*9.75743);
     NEW(diff13*8.96571);
     NEW(diff23*-0.79173);
     NEW(diff14*3.77991);
     NEW(diff24*-5.97753);
     NEW(diff34*-5.18580);




     Beginning Time:  18:39:23
        Ending Time:  18:39:27
       Elapsed Time:  00:00:04



MUTHEN & MUTHEN
3463 Stoner Ave.
Los Angeles, CA  90066

Tel: (310) 391-9971
Fax: (310) 391-8971
Web: www.StatModel.com
Support: Support@StatModel.com

Copyright (c) 1998-2024 Muthen & Muthen
