Mplus VERSION 8.11
MUTHEN & MUTHEN
11/05/2024   6:38 PM

INPUT INSTRUCTIONS

  TITLE:
  Step 1 - Three-Step - BCH Method
  DATA:
  FILE = "C:/Users/dnajiarch/Box/TA - ED 201/Labs/ucsb-mixture-lab5/bch_mplus/
  Step1.dat";
  VARIABLE:
  NAMES = rand lsayid region urban gender mothed fathed raceth math_irt enjoy good
       undrstnd nervous scared useful logical job adult female;
   MISSING=.;
   categorical = enjoy-adult;
     usevar = enjoy-adult;

     classes = c(4);

     auxiliary =   ! list all potential covariates and distals here
     female        ! covariate
     math_irt;      ! distal math test score in 12th grade
  ANALYSIS:
  estimator = mlr;
      type = mixture;
      starts = 500 100;
  OUTPUT:
  sampstat residual tech11 tech14
  SAVEDATA:
  File=3step_savedata.dat;
      Save=bchweights; ! Here we save the BCH weights
      format = free;
  PLOT:
  type = plot3;
      series = enjoy-adult(*);



*** WARNING in OUTPUT command
  SAMPSTAT option is not available when all outcomes are censored, ordered
  categorical, unordered categorical (nominal), count or continuous-time
  survival variables.  Request for SAMPSTAT is ignored.
*** WARNING
  Data set contains cases with missing on all variables.
  These cases were not included in the analysis.
  Number of cases with missing on all variables:  441
   2 WARNING(S) FOUND IN THE INPUT INSTRUCTIONS




Step 1 - Three-Step - BCH Method

SUMMARY OF ANALYSIS

Number of groups                                                 1
Number of observations                                        2675

Number of dependent variables                                    9
Number of independent variables                                  0
Number of continuous latent variables                            0
Number of categorical latent variables                           1

Observed dependent variables

  Binary and ordered categorical (ordinal)
   ENJOY       GOOD        UNDRSTND    NERVOUS     SCARED      USEFUL
   LOGICAL     JOB         ADULT

Observed auxiliary variables
   FEMALE      MATH_IRT

Categorical latent variables
   C


Estimator                                                      MLR
Information matrix                                        OBSERVED
Optimization Specifications for the Quasi-Newton Algorithm for
Continuous Outcomes
  Maximum number of iterations                                 100
  Convergence criterion                                  0.100D-05
Optimization Specifications for the EM Algorithm
  Maximum number of iterations                                 500
  Convergence criteria
    Loglikelihood change                                 0.100D-06
    Relative loglikelihood change                        0.100D-06
    Derivative                                           0.100D-05
Optimization Specifications for the M step of the EM Algorithm for
Categorical Latent variables
  Number of M step iterations                                    1
  M step convergence criterion                           0.100D-05
  Basis for M step termination                           ITERATION
Optimization Specifications for the M step of the EM Algorithm for
Censored, Binary or Ordered Categorical (Ordinal), Unordered
Categorical (Nominal) and Count Outcomes
  Number of M step iterations                                    1
  M step convergence criterion                           0.100D-05
  Basis for M step termination                           ITERATION
  Maximum value for logit thresholds                            15
  Minimum value for logit thresholds                           -15
  Minimum expected cell size for chi-square              0.100D-01
Maximum number of iterations for H1                           2000
Convergence criterion for H1                             0.100D-03
Optimization algorithm                                         EMA
Random Starts Specifications
  Number of initial stage random starts                        500
  Number of final stage optimizations                          100
  Number of initial stage iterations                            10
  Initial stage convergence criterion                    0.100D+01
  Random starts scale                                    0.500D+01
  Random seed for generating random starts                       0
Link                                                         LOGIT

Input data file(s)
  C:/Users/dnajiarch/Box/TA - ED 201/Labs/ucsb-mixture-lab5/bch_mplus/Step1.dat
Input data format  FREE


SUMMARY OF DATA

     Number of missing data patterns            30
     Number of y missing data patterns           0
     Number of u missing data patterns          30


COVARIANCE COVERAGE OF DATA

Minimum covariance coverage value   0.100


     PROPORTION OF DATA PRESENT FOR U


           Covariance Coverage
              ENJOY         GOOD          UNDRSTND      NERVOUS       SCARED
              ________      ________      ________      ________      ________
 ENJOY          0.997
 GOOD           0.996         0.998
 UNDRSTND       0.987         0.988         0.990
 NERVOUS        0.978         0.979         0.971         0.980
 SCARED         0.988         0.990         0.982         0.973         0.991
 USEFUL         0.985         0.986         0.978         0.970         0.981
 LOGICAL        0.982         0.983         0.976         0.966         0.978
 JOB            0.977         0.978         0.971         0.962         0.973
 ADULT          0.987         0.988         0.981         0.972         0.983


           Covariance Coverage
              USEFUL        LOGICAL       JOB           ADULT
              ________      ________      ________      ________
 USEFUL         0.988
 LOGICAL        0.975         0.985
 JOB            0.970         0.969         0.980
 ADULT          0.979         0.977         0.975         0.990


UNIVARIATE PROPORTIONS AND COUNTS FOR CATEGORICAL VARIABLES

    ENJOY
      Category 1    0.331          884.000
      Category 2    0.669         1784.000
    GOOD
      Category 1    0.307          820.000
      Category 2    0.693         1850.000
    UNDRSTND
      Category 1    0.237          628.000
      Category 2    0.763         2020.000
    NERVOUS
      Category 1    0.410         1076.000
      Category 2    0.590         1546.000
    SCARED
      Category 1    0.313          830.000
      Category 2    0.687         1821.000
    USEFUL
      Category 1    0.305          807.000
      Category 2    0.695         1835.000
    LOGICAL
      Category 1    0.360          949.000
      Category 2    0.640         1686.000
    JOB
      Category 1    0.257          674.000
      Category 2    0.743         1947.000
    ADULT
      Category 1    0.298          790.000
      Category 2    0.702         1858.000


RANDOM STARTS RESULTS RANKED FROM THE BEST TO THE WORST LOGLIKELIHOOD VALUES

Final stage loglikelihood values at local maxima, seeds, and initial stage start numbers:

          -12706.569  227563           63
          -12706.569  375590           438
          -12706.569  950604           172
          -12706.569  609185           181
          -12706.569  193569           440
          -12706.569  888905           444
          -12706.569  301180           236
          -12706.569  862607           468
          -12706.569  784664           75
          -12706.569  152496           123
          -12706.569  741484           441
          -12706.569  93468            3
          -12706.569  512836           289
          -12706.569  499150           216
          -12706.569  582296           452
          -12706.569  216565           474
          -12706.569  903369           134
          -12706.569  285380           1
          -12706.569  534483           290
          -12706.569  567165           319
          -12706.569  576220           115
          -12706.569  967902           52
          -12706.569  232226           235
          -12706.569  404510           442
          -12706.569  252949           487
          -12706.569  502532           445
          -12706.569  220454           288
          -12706.569  373505           88
          -12706.569  190339           102
          -12706.569  751054           117
          -12706.569  608496           4
          -12706.569  631413           439
          -12706.569  695155           150
          -12706.569  798839           312
          -12706.569  318230           46
          -12706.569  416463           467
          -12706.569  27071            15
          -12706.569  926797           406
          -12706.569  15715            274
          -12706.569  443917           60
          -12706.569  414828           322
          -12706.569  425982           485
          -12706.569  366706           29
          -12706.569  282464           283
          -12706.569  264935           281
          -12706.569  887676           22
          -12706.569  563002           360
          -12706.569  520177           262
          -12706.569  319144           176
          -12745.394  278692           342
          -12745.394  153394           429

49 perturbed starting value run(s) did not converge or were rejected in the third stage.



THE BEST LOGLIKELIHOOD VALUE HAS BEEN REPLICATED.  RERUN WITH AT LEAST TWICE THE
RANDOM STARTS TO CHECK THAT THE BEST LOGLIKELIHOOD IS STILL OBTAINED AND REPLICATED.


THE MODEL ESTIMATION TERMINATED NORMALLY



MODEL FIT INFORMATION

Number of Free Parameters                       39

Loglikelihood

          H0 Value                      -12706.569
          H0 Scaling Correction Factor      1.1098
            for MLR

Information Criteria

          Akaike (AIC)                   25491.137
          Bayesian (BIC)                 25720.914
          Sample-Size Adjusted BIC       25596.999
            (n* = (n + 2) / 24)

Chi-Square Test of Model Fit for the Binary and Ordered Categorical
(Ordinal) Outcomes**

          Pearson Chi-Square

          Value                           1256.115
          Degrees of Freedom                   462
          P-Value                           0.0000

          Likelihood Ratio Chi-Square

          Value                           1124.260
          Degrees of Freedom                   462
          P-Value                           0.0000

** Of the 4352 cells in the latent class indicator table, 10
   were deleted in the calculation of chi-square due to extreme values.

Chi-Square Test for MCAR under the Unrestricted Latent Class Indicator Model

          Pearson Chi-Square

          Value                           2337.619
          Degrees of Freedom                  3811
          P-Value                           1.0000

          Likelihood Ratio Chi-Square

          Value                            701.230
          Degrees of Freedom                  3811
          P-Value                           1.0000



FINAL CLASS COUNTS AND PROPORTIONS FOR THE LATENT CLASSES
BASED ON THE ESTIMATED MODEL

    Latent
   Classes

       1       1275.01921          0.47664
       2        283.27337          0.10590
       3        525.82657          0.19657
       4        590.88086          0.22089


FINAL CLASS COUNTS AND PROPORTIONS FOR THE LATENT CLASSES
BASED ON ESTIMATED POSTERIOR PROBABILITIES

    Latent
   Classes

       1       1275.01921          0.47664
       2        283.27337          0.10590
       3        525.82657          0.19657
       4        590.88086          0.22089


FINAL CLASS COUNTS AND PROPORTIONS FOR THE LATENT CLASSES
BASED ON THEIR MOST LIKELY LATENT CLASS MEMBERSHIP

Class Counts and Proportions

    Latent
   Classes

       1             1319          0.49308
       2              282          0.10542
       3              529          0.19776
       4              545          0.20374


CLASSIFICATION QUALITY

     Entropy                         0.739


Average Latent Class Probabilities for Most Likely Latent Class Membership (Row)
by Latent Class (Column)

           1        2        3        4

    1   0.900    0.000    0.035    0.065
    2   0.000    0.880    0.052    0.068
    3   0.079    0.032    0.819    0.069
    4   0.085    0.033    0.058    0.823


Classification Probabilities for the Most Likely Latent Class Membership (Column)
by Latent Class (Row)

           1        2        3        4

    1   0.931    0.000    0.033    0.036
    2   0.000    0.876    0.059    0.064
    3   0.088    0.028    0.824    0.060
    4   0.146    0.033    0.062    0.759


Logits for the Classification Probabilities for the Most Likely Latent Class Membership (Column)
by Latent Class (Row)

              1        2        3        4

    1      3.245   -8.422   -0.095    0.000
    2     -6.241    2.611   -0.081    0.000
    3      0.372   -0.780    2.615    0.000
    4     -1.650   -3.149   -2.505    0.000


MODEL RESULTS

                                                    Two-Tailed
                    Estimate       S.E.  Est./S.E.    P-Value

Latent Class 1

 Thresholds
    ENJOY$1           -2.349      0.135    -17.454      0.000
    GOOD$1            -2.716      0.182    -14.923      0.000
    UNDRSTND$1        -2.976      0.183    -16.222      0.000
    NERVOUS$1         -1.044      0.092    -11.305      0.000
    SCARED$1          -1.472      0.101    -14.513      0.000
    USEFUL$1          -2.669      0.212    -12.583      0.000
    LOGICAL$1         -1.871      0.126    -14.842      0.000
    JOB$1             -2.930      0.200    -14.655      0.000
    ADULT$1           -3.011      0.259    -11.610      0.000

Latent Class 2

 Thresholds
    ENJOY$1            1.915      0.284      6.754      0.000
    GOOD$1             1.735      0.252      6.876      0.000
    UNDRSTND$1         1.199      0.240      4.999      0.000
    NERVOUS$1          0.973      0.178      5.467      0.000
    SCARED$1           0.366      0.168      2.180      0.029
    USEFUL$1           2.134      0.315      6.782      0.000
    LOGICAL$1          2.520      0.361      6.989      0.000
    JOB$1              1.845      0.303      6.098      0.000
    ADULT$1            2.368      0.371      6.377      0.000

Latent Class 3

 Thresholds
    ENJOY$1            0.909      0.217      4.190      0.000
    GOOD$1             1.319      0.289      4.568      0.000
    UNDRSTND$1         0.211      0.144      1.466      0.143
    NERVOUS$1          0.929      0.158      5.871      0.000
    SCARED$1           0.175      0.142      1.239      0.216
    USEFUL$1          -1.355      0.183     -7.391      0.000
    LOGICAL$1         -0.829      0.159     -5.209      0.000
    JOB$1             -1.621      0.186     -8.707      0.000
    ADULT$1           -1.262      0.170     -7.412      0.000

Latent Class 4

 Thresholds
    ENJOY$1           -1.044      0.182     -5.736      0.000
    GOOD$1            -1.745      0.283     -6.175      0.000
    UNDRSTND$1        -2.099      0.243     -8.635      0.000
    NERVOUS$1         -0.808      0.169     -4.784      0.000
    SCARED$1          -1.102      0.179     -6.170      0.000
    USEFUL$1           0.560      0.174      3.219      0.001
    LOGICAL$1          0.520      0.147      3.538      0.000
    JOB$1             -0.025      0.152     -0.162      0.872
    ADULT$1            0.469      0.170      2.767      0.006

Categorical Latent Variables

 Means
    C#1                0.769      0.121      6.359      0.000
    C#2               -0.735      0.138     -5.312      0.000
    C#3               -0.117      0.169     -0.692      0.489


QUALITY OF NUMERICAL RESULTS

     Condition Number for the Information Matrix              0.893E-02
       (ratio of smallest to largest eigenvalue)


RESULTS IN PROBABILITY SCALE

                                                    Two-Tailed
                    Estimate       S.E.  Est./S.E.    P-Value

Latent Class 1

 ENJOY
    Category 1         0.087      0.011      8.139      0.000
    Category 2         0.913      0.011     85.278      0.000
 GOOD
    Category 1         0.062      0.011      5.858      0.000
    Category 2         0.938      0.011     88.559      0.000
 UNDRSTND
    Category 1         0.049      0.008      5.729      0.000
    Category 2         0.951      0.008    112.320      0.000
 NERVOUS
    Category 1         0.260      0.018     14.650      0.000
    Category 2         0.740      0.018     41.593      0.000
 SCARED
    Category 1         0.187      0.015     12.117      0.000
    Category 2         0.813      0.015     52.828      0.000
 USEFUL
    Category 1         0.065      0.013      5.041      0.000
    Category 2         0.935      0.013     72.738      0.000
 LOGICAL
    Category 1         0.133      0.015      9.154      0.000
    Category 2         0.867      0.015     59.452      0.000
 JOB
    Category 1         0.051      0.010      5.268      0.000
    Category 2         0.949      0.010     98.693      0.000
 ADULT
    Category 1         0.047      0.012      4.045      0.000
    Category 2         0.953      0.012     82.172      0.000

Latent Class 2

 ENJOY
    Category 1         0.872      0.032     27.463      0.000
    Category 2         0.128      0.032      4.046      0.000
 GOOD
    Category 1         0.850      0.032     26.433      0.000
    Category 2         0.150      0.032      4.661      0.000
 UNDRSTND
    Category 1         0.768      0.043     17.998      0.000
    Category 2         0.232      0.043      5.426      0.000
 NERVOUS
    Category 1         0.726      0.035     20.483      0.000
    Category 2         0.274      0.035      7.739      0.000
 SCARED
    Category 1         0.590      0.041     14.549      0.000
    Category 2         0.410      0.041     10.090      0.000
 USEFUL
    Category 1         0.894      0.030     30.034      0.000
    Category 2         0.106      0.030      3.553      0.000
 LOGICAL
    Category 1         0.926      0.025     37.243      0.000
    Category 2         0.074      0.025      2.997      0.003
 JOB
    Category 1         0.864      0.036     24.218      0.000
    Category 2         0.136      0.036      3.827      0.000
 ADULT
    Category 1         0.914      0.029     31.451      0.000
    Category 2         0.086      0.029      2.945      0.003

Latent Class 3

 ENJOY
    Category 1         0.713      0.044     16.051      0.000
    Category 2         0.287      0.044      6.470      0.000
 GOOD
    Category 1         0.789      0.048     16.414      0.000
    Category 2         0.211      0.048      4.390      0.000
 UNDRSTND
    Category 1         0.553      0.036     15.521      0.000
    Category 2         0.447      0.036     12.567      0.000
 NERVOUS
    Category 1         0.717      0.032     22.318      0.000
    Category 2         0.283      0.032      8.810      0.000
 SCARED
    Category 1         0.544      0.035     15.476      0.000
    Category 2         0.456      0.035     12.986      0.000
 USEFUL
    Category 1         0.205      0.030      6.863      0.000
    Category 2         0.795      0.030     26.599      0.000
 LOGICAL
    Category 1         0.304      0.034      9.023      0.000
    Category 2         0.696      0.034     20.677      0.000
 JOB
    Category 1         0.165      0.026      6.435      0.000
    Category 2         0.835      0.026     32.540      0.000
 ADULT
    Category 1         0.221      0.029      7.534      0.000
    Category 2         0.779      0.029     26.619      0.000

Latent Class 4

 ENJOY
    Category 1         0.260      0.035      7.432      0.000
    Category 2         0.740      0.035     21.103      0.000
 GOOD
    Category 1         0.149      0.036      4.156      0.000
    Category 2         0.851      0.036     23.805      0.000
 UNDRSTND
    Category 1         0.109      0.024      4.619      0.000
    Category 2         0.891      0.024     37.674      0.000
 NERVOUS
    Category 1         0.308      0.036      8.558      0.000
    Category 2         0.692      0.036     19.202      0.000
 SCARED
    Category 1         0.249      0.033      7.458      0.000
    Category 2         0.751      0.033     22.453      0.000
 USEFUL
    Category 1         0.636      0.040     15.817      0.000
    Category 2         0.364      0.040      9.039      0.000
 LOGICAL
    Category 1         0.627      0.034     18.253      0.000
    Category 2         0.373      0.034     10.853      0.000
 JOB
    Category 1         0.494      0.038     13.013      0.000
    Category 2         0.506      0.038     13.337      0.000
 ADULT
    Category 1         0.615      0.040     15.318      0.000
    Category 2         0.385      0.040      9.578      0.000


LATENT CLASS INDICATOR ODDS RATIOS FOR THE LATENT CLASSES

                                                95% C.I.
                    Estimate       S.E.  Lower 2.5% Upper 2.5%

Latent Class 1 Compared to Latent Class 2

 ENJOY
    Category > 1      71.126     21.425     39.410    128.363
 GOOD
    Category > 1      85.732     25.973     47.344    155.247
 UNDRSTND
    Category > 1      65.026     18.918     36.765    115.010
 NERVOUS
    Category > 1       7.515      1.470      5.122     11.026
 SCARED
    Category > 1       6.286      1.172      4.362      9.058
 USEFUL
    Category > 1     121.967     44.055     60.086    247.576
 LOGICAL
    Category > 1      80.715     29.933     39.020    166.965
 JOB
    Category > 1     118.553     41.310     59.883    234.705
 ADULT
    Category > 1     216.965     95.699     91.397    515.047

Latent Class 1 Compared to Latent Class 3

 ENJOY
    Category > 1      25.993      6.069     16.448     41.078
 GOOD
    Category > 1      56.527     17.045     31.302    102.078
 UNDRSTND
    Category > 1      24.212      5.181     15.918     36.829
 NERVOUS
    Category > 1       7.192      1.394      4.919     10.516
 SCARED
    Category > 1       5.196      0.978      3.593      7.514
 USEFUL
    Category > 1       3.723      1.032      2.163      6.409
 LOGICAL
    Category > 1       2.834      0.568      1.913      4.199
 JOB
    Category > 1       3.705      0.997      2.187      6.279
 ADULT
    Category > 1       5.750      1.735      3.183     10.387

Latent Class 1 Compared to Latent Class 4

 ENJOY
    Category > 1       3.690      0.853      2.345      5.806
 GOOD
    Category > 1       2.639      0.882      1.371      5.079
 UNDRSTND
    Category > 1       2.403      0.712      1.344      4.296
 NERVOUS
    Category > 1       1.265      0.246      0.865      1.851
 SCARED
    Category > 1       1.448      0.305      0.958      2.189
 USEFUL
    Category > 1      25.250      6.204     15.600     40.870
 LOGICAL
    Category > 1      10.922      1.960      7.683     15.526
 JOB
    Category > 1      18.281      4.160     11.703     28.556
 ADULT
    Category > 1      32.484      8.880     19.010     55.510

Latent Class 2 Compared to Latent Class 3

 ENJOY
    Category > 1       0.365      0.128      0.184      0.728
 GOOD
    Category > 1       0.659      0.242      0.321      1.355
 UNDRSTND
    Category > 1       0.372      0.099      0.222      0.626
 NERVOUS
    Category > 1       0.957      0.224      0.605      1.515
 SCARED
    Category > 1       0.827      0.181      0.538      1.271
 USEFUL
    Category > 1       0.031      0.011      0.015      0.061
 LOGICAL
    Category > 1       0.035      0.013      0.017      0.074
 JOB
    Category > 1       0.031      0.011      0.016      0.061
 ADULT
    Category > 1       0.027      0.010      0.012      0.057

Latent Class 2 Compared to Latent Class 4

 ENJOY
    Category > 1       0.052      0.017      0.027      0.099
 GOOD
    Category > 1       0.031      0.011      0.015      0.062
 UNDRSTND
    Category > 1       0.037      0.012      0.020      0.069
 NERVOUS
    Category > 1       0.168      0.044      0.101      0.280
 SCARED
    Category > 1       0.230      0.061      0.137      0.387
 USEFUL
    Category > 1       0.207      0.072      0.104      0.411
 LOGICAL
    Category > 1       0.135      0.052      0.064      0.287
 JOB
    Category > 1       0.154      0.051      0.081      0.293
 ADULT
    Category > 1       0.150      0.061      0.068      0.331

Latent Class 3 Compared to Latent Class 4

 ENJOY
    Category > 1       0.142      0.040      0.082      0.246
 GOOD
    Category > 1       0.047      0.019      0.021      0.102
 UNDRSTND
    Category > 1       0.099      0.025      0.060      0.164
 NERVOUS
    Category > 1       0.176      0.043      0.109      0.283
 SCARED
    Category > 1       0.279      0.070      0.170      0.457
 USEFUL
    Category > 1       6.782      1.652      4.207     10.933
 LOGICAL
    Category > 1       3.854      0.844      2.508      5.920
 JOB
    Category > 1       4.934      1.170      3.099      7.854
 ADULT
    Category > 1       5.650      1.314      3.582      8.912


RESIDUAL OUTPUT


     RESIDUAL OUTPUT IS NOT AVAILABLE FOR THIS MODEL.  ADDITIONAL OUTPUT FOR
     CATEGORICAL, COUNT, AND NOMINAL VARIABLES MAY BE AVAILABLE USING TECH10.


TECHNICAL 11 OUTPUT

     Random Starts Specifications for the k-1 Class Analysis Model
        Number of initial stage random starts                 500
        Number of final stage optimizations                   100



     VUONG-LO-MENDELL-RUBIN LIKELIHOOD RATIO TEST FOR 3 (H0) VERSUS 4 CLASSES

          H0 Loglikelihood Value                       -12913.202
          2 Times the Loglikelihood Difference            413.267
          Difference in the Number of Parameters               10
          Mean                                             10.897
          Standard Deviation                               18.978
          P-Value                                          0.0000

     LO-MENDELL-RUBIN ADJUSTED LRT TEST

          Value                                           408.095
          P-Value                                          0.0000


TECHNICAL 14 OUTPUT

     Random Starts Specifications for the k-1 Class Analysis Model
        Number of initial stage random starts                 500
        Number of final stage optimizations                   100

     Random Starts Specification for the k-1 Class Model for Generated Data
        Number of initial stage random starts                   0
        Number of final stage optimizations for the
           initial stage random starts                          0
     Random Starts Specification for the k Class Model for Generated Data
        Number of initial stage random starts                  40
        Number of final stage optimizations                     8
     Number of bootstrap draws requested                   Varies


     PARAMETRIC BOOTSTRAPPED LIKELIHOOD RATIO TEST FOR 3 (H0) VERSUS 4 CLASSES

          H0 Loglikelihood Value                       -12913.202
          2 Times the Loglikelihood Difference            413.267
          Difference in the Number of Parameters               10
          Approximate P-Value                              0.0000
          Successful Bootstrap Draws                            5

     WARNING:  OF THE 5 BOOTSTRAP DRAWS, 3 DRAWS HAD BOTH A SMALLER LRT VALUE THAN THE
     OBSERVED LRT VALUE AND NOT A REPLICATED BEST LOGLIKELIHOOD VALUE FOR THE 4-CLASS MODEL.
     THIS MEANS THAT THE P-VALUE MAY NOT BE TRUSTWORTHY DUE TO LOCAL MAXIMA.
     INCREASE THE NUMBER OF RANDOM STARTS USING THE LRTSTARTS OPTION.



PLOT INFORMATION

The following plots are available:

  Histograms (sample values)
  Scatterplots (sample values)
  Sample proportions and estimated probabilities

SAVEDATA INFORMATION


  Save file
    3step_savedata.dat

  Order of variables

    ENJOY
    GOOD
    UNDRSTND
    NERVOUS
    SCARED
    USEFUL
    LOGICAL
    JOB
    ADULT
    FEMALE
    MATH_IRT
    BCHW1
    BCHW2
    BCHW3
    BCHW4
    CPROB1
    CPROB2
    CPROB3
    CPROB4
    C

  Save file format           Free

  Save file record length    10000

  Save missing symbol        *


     Beginning Time:  18:38:50
        Ending Time:  18:39:22
       Elapsed Time:  00:00:32



MUTHEN & MUTHEN
3463 Stoner Ave.
Los Angeles, CA  90066

Tel: (310) 391-9971
Fax: (310) 391-8971
Web: www.StatModel.com
Support: Support@StatModel.com

Copyright (c) 1998-2024 Muthen & Muthen
