Mplus VERSION 8.11
MUTHEN & MUTHEN
11/05/2024   6:41 PM

INPUT INSTRUCTIONS

  TITLE:
  LCA Moderation
  DATA:
  FILE = "C:/Users/dnajiarch/Box/TA - ED 201/Labs/ucsb-mixture-lab5/lca_mod/
  mod.dat";
  VARIABLE:
  NAMES = ENJOY USEFUL LOGICAL JOB ADULT FEMALE MATH_IRT CPROB1 CPROB2 CPROB3 CPROB4
       N;
   MISSING=.;
   nominal=N;
    usevar = n;

    classes = c(4);

    usevar = female math_irt;
  ANALYSIS:
  estimator = mlr;
    type = mixture;
    starts = 0;
  MODEL:
  !DISTAL = math_irt, COVARIATE = female, MODERATOR = C

  %OVERALL%
  math_irt on female;
  math_irt;

     %C#1%
  [n#1@3.52];
  [n#2@-6.756];
  [n#3@-0.808];

  math_irt on female(s1);  ! conditional slope (class 1)
  [math_irt](m1);          ! conditional distal mean
  math_irt;                ! conditional distal variance (freely estimated)

  %C#2%
  [n#1@7.237];
  [n#2@13.687];
  [n#3@11.689];

  math_irt on female(s2);
  [math_irt](m2);
  math_irt;

  %C#3%
  [n#1@0.991];
  [n#2@-0.255];
  [n#3@2.051];

  math_irt on female(s3);
  [math_irt](m3);
  math_irt;

  %C#4%
  [n#1@-1.516];
  [n#2@-5.321];
  [n#3@-6.56];

  math_irt on female(s4);
  [math_irt](m4);
  math_irt;
  MODEL CONSTRAINT:
  New (
     diff12 diff13 diff23
     diff14 diff24 diff34
     slope12 slope13 slope23
      slope14 slope24 slope34);

      diff12 = m1-m2;  ! test distal outcome differences
      diff13 = m1-m3;
      diff23 = m2-m3;
      diff14 = m1-m4;
      diff24 = m2-m4;
      diff34 = m3-m4;

      slope12 = s1-s2;  ! test pairwise slope differences
      slope13 = s1-s3;
      slope23 = s2-s3;
      slope14 = s1-s4;
      slope24 = s2-s4;
      slope34 = s3-s4;
  MODEL TEST:
   ! can run only a single Omnibus test per model
      s1=s2;
      s2=s3;
      s3=s4;



INPUT READING TERMINATED NORMALLY




LCA Moderation

SUMMARY OF ANALYSIS

Number of groups                                                 1
Number of observations                                        2675

Number of dependent variables                                    2
Number of independent variables                                  1
Number of continuous latent variables                            0
Number of categorical latent variables                           1

Observed dependent variables

  Continuous
   MATH_IRT

  Unordered categorical (nominal)
   N

Observed independent variables
   FEMALE

Categorical latent variables
   C


Estimator                                                      MLR
Information matrix                                        OBSERVED
Optimization Specifications for the Quasi-Newton Algorithm for
Continuous Outcomes
  Maximum number of iterations                                 100
  Convergence criterion                                  0.100D-05
Optimization Specifications for the EM Algorithm
  Maximum number of iterations                                 500
  Convergence criteria
    Loglikelihood change                                 0.100D-06
    Relative loglikelihood change                        0.100D-06
    Derivative                                           0.100D-05
Optimization Specifications for the M step of the EM Algorithm for
Categorical Latent variables
  Number of M step iterations                                    1
  M step convergence criterion                           0.100D-05
  Basis for M step termination                           ITERATION
Optimization Specifications for the M step of the EM Algorithm for
Censored, Binary or Ordered Categorical (Ordinal), Unordered
Categorical (Nominal) and Count Outcomes
  Number of M step iterations                                    1
  M step convergence criterion                           0.100D-05
  Basis for M step termination                           ITERATION
  Maximum value for logit thresholds                            15
  Minimum value for logit thresholds                           -15
  Minimum expected cell size for chi-square              0.100D-01
Maximum number of iterations for H1                           2000
Convergence criterion for H1                             0.100D-03
Optimization algorithm                                         EMA

Input data file(s)
  C:/Users/dnajiarch/Box/TA - ED 201/Labs/ucsb-mixture-lab5/lca_mod/mod.dat
Input data format  FREE


SUMMARY OF DATA

     Number of missing data patterns             2
     Number of y missing data patterns           2
     Number of u missing data patterns           0


COVARIANCE COVERAGE OF DATA

Minimum covariance coverage value   0.100


     PROPORTION OF DATA PRESENT FOR Y


           Covariance Coverage
              MATH_IRT      FEMALE
              ________      ________
 MATH_IRT       0.771
 FEMALE         0.771         1.000


UNIVARIATE PROPORTIONS AND COUNTS FOR CATEGORICAL VARIABLES

    N
      Category 1    0.568         1519.000
      Category 2    0.136          365.000
      Category 3    0.181          484.000
      Category 4    0.115          307.000



UNIVARIATE SAMPLE STATISTICS


     UNIVARIATE HIGHER-ORDER MOMENT DESCRIPTIVE STATISTICS

         Variable/         Mean/     Skewness/   Minimum/ % with                Percentiles
        Sample Size      Variance    Kurtosis    Maximum  Min/Max      20%/60%    40%/80%    Median

     MATH_IRT             58.829      -0.068      26.570    0.05%      47.240     55.710     59.290
            2063.000     157.729      -0.541      94.190    0.05%      62.900     70.160
     FEMALE                0.515      -0.059       0.000   48.52%       0.000      0.000      1.000
            2675.000       0.250      -1.997       1.000   51.48%       1.000      1.000


THE MODEL ESTIMATION TERMINATED NORMALLY



MODEL FIT INFORMATION

Number of Free Parameters                       15

Loglikelihood

          H0 Value                      -11180.948
          H0 Scaling Correction Factor      0.9420
            for MLR

Information Criteria

          Akaike (AIC)                   22391.896
          Bayesian (BIC)                 22480.272
          Sample-Size Adjusted BIC       22432.612
            (n* = (n + 2) / 24)

Wald Test of Parameter Constraints

          Value                             12.601
          Degrees of Freedom                     3
          P-Value                           0.0056



FINAL CLASS COUNTS AND PROPORTIONS FOR THE LATENT CLASSES
BASED ON THE ESTIMATED MODEL

    Latent
   Classes

       1       1380.67771          0.51614
       2        365.65767          0.13669
       3        667.08992          0.24938
       4        261.57470          0.09778


FINAL CLASS COUNTS AND PROPORTIONS FOR THE LATENT CLASSES
BASED ON ESTIMATED POSTERIOR PROBABILITIES

    Latent
   Classes

       1       1380.67771          0.51614
       2        365.65767          0.13669
       3        667.08992          0.24938
       4        261.57470          0.09778


FINAL CLASS COUNTS AND PROPORTIONS FOR THE LATENT CLASSES
BASED ON THEIR MOST LIKELY LATENT CLASS MEMBERSHIP

Class Counts and Proportions

    Latent
   Classes

       1             1522          0.56897
       2              365          0.13645
       3              484          0.18093
       4              304          0.11364


CLASSIFICATION QUALITY

     Entropy                         0.653


Average Latent Class Probabilities for Most Likely Latent Class Membership (Row)
by Latent Class (Column)

           1        2        3        4

    1   0.870    0.000    0.098    0.032
    2   0.000    0.881    0.116    0.003
    3   0.036    0.090    0.873    0.001
    4   0.127    0.000    0.177    0.696


Classification Probabilities for the Most Likely Latent Class Membership (Column)
by Latent Class (Row)

           1        2        3        4

    1   0.959    0.000    0.013    0.028
    2   0.001    0.879    0.119    0.000
    3   0.223    0.063    0.633    0.080
    4   0.186    0.004    0.001    0.809


Logits for the Classification Probabilities for the Most Likely Latent Class Membership (Column)
by Latent Class (Row)

              1        2        3        4

    1      3.534   -6.726   -0.788    0.000
    2      7.250   13.687   11.688    0.000
    3      1.017   -0.238    2.063    0.000
    4     -1.471   -5.319   -6.550    0.000


MODEL RESULTS

                                                    Two-Tailed
                    Estimate       S.E.  Est./S.E.    P-Value

Latent Class 1

 MATH_IRT   ON
    FEMALE             1.097      0.868      1.264      0.206

 Means
    N#1                3.520      0.000    999.000    999.000
    N#2               -6.756      0.000    999.000    999.000
    N#3               -0.808      0.000    999.000    999.000

 Intercepts
    MATH_IRT          60.725      0.510    119.016      0.000

 Residual Variances
    MATH_IRT         146.300      5.963     24.533      0.000

Latent Class 2

 MATH_IRT   ON
    FEMALE            -4.472      1.847     -2.421      0.015

 Means
    N#1                7.237      0.000    999.000    999.000
    N#2               13.687      0.000    999.000    999.000
    N#3               11.689      0.000    999.000    999.000

 Intercepts
    MATH_IRT          56.729      1.120     50.669      0.000

 Residual Variances
    MATH_IRT         163.294     11.778     13.865      0.000

Latent Class 3

 MATH_IRT   ON
    FEMALE            -2.685      1.760     -1.526      0.127

 Means
    N#1                0.991      0.000    999.000    999.000
    N#2               -0.255      0.000    999.000    999.000
    N#3                2.051      0.000    999.000    999.000

 Intercepts
    MATH_IRT          59.265      0.800     74.092      0.000

 Residual Variances
    MATH_IRT         152.861      9.870     15.488      0.000

Latent Class 4

 MATH_IRT   ON
    FEMALE            -4.436      2.594     -1.710      0.087

 Means
    N#1               -1.516      0.000    999.000    999.000
    N#2               -5.321      0.000    999.000    999.000
    N#3               -6.560      0.000    999.000    999.000

 Intercepts
    MATH_IRT          55.968      1.287     43.479      0.000

 Residual Variances
    MATH_IRT         119.518     14.145      8.449      0.000

Categorical Latent Variables

 Means
    C#1                1.664      0.094     17.764      0.000
    C#2                0.335      0.103      3.265      0.001
    C#3                0.936      0.107      8.776      0.000

New/Additional Parameters
    DIFF12             3.996      1.225      3.262      0.001
    DIFF13             1.460      0.998      1.463      0.143
    DIFF23            -2.536      1.452     -1.746      0.081
    DIFF14             4.758      1.426      3.335      0.001
    DIFF24             0.762      1.701      0.448      0.654
    DIFF34             3.298      1.566      2.106      0.035
    SLOPE12            5.569      1.973      2.822      0.005
    SLOPE13            3.782      2.160      1.751      0.080
    SLOPE23           -1.787      2.921     -0.612      0.541
    SLOPE14            5.532      2.831      1.954      0.051
    SLOPE24           -0.036      3.075     -0.012      0.991
    SLOPE34            1.751      3.459      0.506      0.613


QUALITY OF NUMERICAL RESULTS

     Condition Number for the Information Matrix              0.110E-03
       (ratio of smallest to largest eigenvalue)


RESULTS IN PROBABILITY SCALE

                                                    Two-Tailed
                    Estimate       S.E.  Est./S.E.    P-Value

Latent Class 1

 N
    Category 1         0.959      0.003    330.255      0.000
    Category 2         0.000      0.000    330.255      0.000
    Category 3         0.013      0.000    330.255      0.000
    Category 4         0.028      0.003      9.648      0.000

Latent Class 2

 N
    Category 1         0.001      0.000  *********      0.000
    Category 2         0.879      0.000  *********      0.000
    Category 3         0.119      0.000  *********      0.000
    Category 4         0.000      0.000      9.374      0.000

Latent Class 3

 N
    Category 1         0.220      0.002    114.779      0.000
    Category 2         0.063      0.001    114.779      0.000
    Category 3         0.635      0.006    114.779      0.000
    Category 4         0.082      0.008     10.208      0.000

Latent Class 4

 N
    Category 1         0.179      0.016     11.491      0.000
    Category 2         0.004      0.000     11.491      0.000
    Category 3         0.001      0.000     11.491      0.000
    Category 4         0.816      0.016     50.871      0.000


LATENT CLASS INDICATOR ODDS RATIOS FOR THE LATENT CLASSES

                                                95% C.I.
                    Estimate       S.E.  Lower 2.5% Upper 2.5%

Latent Class 1 Compared to Latent Class 2

 N
    Category = 1   16776.520   1236.913  14519.199  19384.787
    Category = 2       0.000      0.000      0.000      0.000
    Category = 3       0.095      0.000      0.094      0.095
    Category = 4   29214.381      0.000  29214.379  29214.379

Latent Class 1 Compared to Latent Class 3

 N
    Category = 1      82.779      5.179     73.226     93.577
    Category = 2       0.000      0.000      0.000      0.000
    Category = 3       0.007      0.000      0.007      0.008
    Category = 4       0.328      0.000      0.328      0.328

Latent Class 1 Compared to Latent Class 4

 N
    Category = 1     107.002      3.454    100.442    113.992
    Category = 2       0.008      0.001      0.007      0.010
    Category = 3      11.082      0.931      9.399     13.067
    Category = 4       0.007      0.000      0.007      0.007

Latent Class 2 Compared to Latent Class 3

 N
    Category = 1       0.005      0.000      0.005      0.005
    Category = 2     107.889      1.003    105.940    109.874
    Category = 3       0.078      0.002      0.074      0.082
    Category = 4       0.000      0.000      0.000      0.000

Latent Class 2 Compared to Latent Class 4

 N
    Category = 1       0.006      0.001      0.005      0.008
    Category = 2    1820.885    159.089   1534.307   2160.989
    Category = 3     117.089     10.201     98.709    138.891
    Category = 4       0.000      0.000      0.000      0.000

Latent Class 3 Compared to Latent Class 4

 N
    Category = 1       1.293      0.123      1.073      1.557
    Category = 2      16.877      1.318     14.483     19.668
    Category = 3    1504.753     95.177   1329.307   1703.354
    Category = 4       0.020      0.000      0.020      0.020


     Beginning Time:  18:41:16
        Ending Time:  18:41:16
       Elapsed Time:  00:00:00



MUTHEN & MUTHEN
3463 Stoner Ave.
Los Angeles, CA  90066

Tel: (310) 391-9971
Fax: (310) 391-8971
Web: www.StatModel.com
Support: Support@StatModel.com

Copyright (c) 1998-2024 Muthen & Muthen
