Mplus VERSION 8.8
MUTHEN & MUTHEN
02/09/2023  10:18 PM

INPUT INSTRUCTIONS

  TITLE:
  Step3 - 3step LSAY - Lab9
  DATA:
  FILE = "C:/Users/Dina Arch/Box/TA - ED 201/Labs/ucsb-mixture-lab5/manual_3step/mod.dat";

  VARIABLE:
  NAMES = ENJOY USEFUL LOGICAL JOB ADULT FEMALE MATH_IRT BCHW1 BCHW2 BCHW3 BCHW4
       CPROB1 CPROB2 CPROB3 CPROB4 N;
   MISSING=.;
   nominal=N;
    usevar = n;
    missing are all (999);
    classes = c(4);

    usevar = female math_irt;
  ANALYSIS:
  estimator = mlr;
    type = mixture;
    starts = 0;
  MODEL:
  !DISTAL = math_irt, COVARIATE = female, MODERATOR = C

  %OVERALL%
  math_irt on female;
  math_irt;

     %C#1%
  [n#1@7.784];
  [n#2@4.199];
  [n#3@5.312];

  math_irt on female(s1);  ! conditional slope (class 1)
  [math_irt](m1);          ! conditional distal mean
  math_irt;                ! conditional distal variance (freely estimated)

  %C#2%
  [n#1@-2.228];
  [n#2@1.087];
  [n#3@-6.772];

  math_irt on female(s2);
  [math_irt](m2);
  math_irt;

  %C#3%
  [n#1@4.387];
  [n#2@-0.53];
  [n#3@6.07];

  math_irt on female(s3);
  [math_irt](m3);
  math_irt;

  %C#4%
  [n#1@-7];
  [n#2@-3.236];
  [n#3@-3.631];

  math_irt on female(s4);
  [math_irt](m4);
  math_irt;
  MODEL CONSTRAINT:
  New (
     diff12 diff13 diff23
     diff14 diff24 diff34
     slope12 slope13 slope23
      slope14 slope24 slope34);

      diff12 = m1-m2;  ! test distal outcome differences
      diff13 = m1-m3;
      diff23 = m2-m3;
      diff14 = m1-m4;
      diff24 = m2-m4;
      diff34 = m3-m4;

      slope12 = s1-s2;  ! test pairwise slope differences
      slope13 = s1-s3;
      slope23 = s2-s3;
      slope14 = s1-s4;
      slope24 = s2-s4;
      slope34 = s3-s4;
  MODEL TEST:
   ! can run only a single Omnibus test per model
      s1=s2;
      s2=s3;
      s3=s4;



INPUT READING TERMINATED NORMALLY




Step3 - 3step LSAY - Lab9

SUMMARY OF ANALYSIS

Number of groups                                                 1
Number of observations                                        3061

Number of dependent variables                                    2
Number of independent variables                                  1
Number of continuous latent variables                            0
Number of categorical latent variables                           1

Observed dependent variables

  Continuous
   MATH_IRT

  Unordered categorical (nominal)
   N

Observed independent variables
   FEMALE

Categorical latent variables
   C


Estimator                                                      MLR
Information matrix                                        OBSERVED
Optimization Specifications for the Quasi-Newton Algorithm for
Continuous Outcomes
  Maximum number of iterations                                 100
  Convergence criterion                                  0.100D-05
Optimization Specifications for the EM Algorithm
  Maximum number of iterations                                 500
  Convergence criteria
    Loglikelihood change                                 0.100D-06
    Relative loglikelihood change                        0.100D-06
    Derivative                                           0.100D-05
Optimization Specifications for the M step of the EM Algorithm for
Categorical Latent variables
  Number of M step iterations                                    1
  M step convergence criterion                           0.100D-05
  Basis for M step termination                           ITERATION
Optimization Specifications for the M step of the EM Algorithm for
Censored, Binary or Ordered Categorical (Ordinal), Unordered
Categorical (Nominal) and Count Outcomes
  Number of M step iterations                                    1
  M step convergence criterion                           0.100D-05
  Basis for M step termination                           ITERATION
  Maximum value for logit thresholds                            15
  Minimum value for logit thresholds                           -15
  Minimum expected cell size for chi-square              0.100D-01
Maximum number of iterations for H1                           2000
Convergence criterion for H1                             0.100D-03
Optimization algorithm                                         EMA

Input data file(s)
  C:/Users/Dina Arch/Box/TA - ED 201/Labs/ucsb-mixture-lab5/manual_3step/mod.dat
Input data format  FREE


SUMMARY OF DATA

     Number of missing data patterns             2
     Number of y missing data patterns           2
     Number of u missing data patterns           0


COVARIANCE COVERAGE OF DATA

Minimum covariance coverage value   0.100


     PROPORTION OF DATA PRESENT FOR Y


           Covariance Coverage
              MATH_IRT      FEMALE
              ________      ________
 MATH_IRT       0.377
 FEMALE         0.377         1.000


UNIVARIATE PROPORTIONS AND COUNTS FOR CATEGORICAL VARIABLES

    N
      Category 1    0.282          863.000
      Category 2    0.203          621.000
      Category 3    0.197          604.000
      Category 4    0.318          973.000



UNIVARIATE SAMPLE STATISTICS


     UNIVARIATE HIGHER-ORDER MOMENT DESCRIPTIVE STATISTICS

         Variable/         Mean/     Skewness/   Minimum/ % with                Percentiles
        Sample Size      Variance    Kurtosis    Maximum  Min/Max      20%/60%    40%/80%    Median

     MATH_IRT             68.742      -0.377      27.010    0.09%      56.290     66.030     69.470
            1155.000     224.451      -0.377      99.300    0.43%      73.460     81.780
     FEMALE                0.481       0.075       0.000   51.88%       0.000      0.000      0.000
            3061.000       0.250      -1.994       1.000   48.12%       1.000      1.000


THE MODEL ESTIMATION TERMINATED NORMALLY



MODEL FIT INFORMATION

Number of Free Parameters                       15

Loglikelihood

          H0 Value                       -8931.826
          H0 Scaling Correction Factor      1.0082
            for MLR

Information Criteria

          Akaike (AIC)                   17893.652
          Bayesian (BIC)                 17984.049
          Sample-Size Adjusted BIC       17936.388
            (n* = (n + 2) / 24)

Wald Test of Parameter Constraints

          Value                              3.729
          Degrees of Freedom                     3
          P-Value                           0.2923



FINAL CLASS COUNTS AND PROPORTIONS FOR THE LATENT CLASSES
BASED ON THE ESTIMATED MODEL

    Latent
   Classes

       1        828.01028          0.27050
       2        781.98161          0.25547
       3        619.50292          0.20239
       4        831.50518          0.27164


FINAL CLASS COUNTS AND PROPORTIONS FOR THE LATENT CLASSES
BASED ON ESTIMATED POSTERIOR PROBABILITIES

    Latent
   Classes

       1        828.01028          0.27050
       2        781.98161          0.25547
       3        619.50292          0.20239
       4        831.50518          0.27164


FINAL CLASS COUNTS AND PROPORTIONS FOR THE LATENT CLASSES
BASED ON THEIR MOST LIKELY LATENT CLASS MEMBERSHIP

Class Counts and Proportions

    Latent
   Classes

       1              863          0.28193
       2              621          0.20287
       3              604          0.19732
       4              973          0.31787


CLASSIFICATION QUALITY

     Entropy                         0.669


Average Latent Class Probabilities for Most Likely Latent Class Membership (Row)
by Latent Class (Column)

           1        2        3        4

    1   0.862    0.024    0.113    0.001
    2   0.033    0.916    0.001    0.049
    3   0.104    0.000    0.861    0.034
    4   0.000    0.197    0.001    0.801


Classification Probabilities for the Most Likely Latent Class Membership (Column)
by Latent Class (Row)

           1        2        3        4

    1   0.899    0.025    0.076    0.000
    2   0.027    0.728    0.000    0.245
    3   0.157    0.001    0.840    0.002
    4   0.001    0.037    0.025    0.938


Logits for the Classification Probabilities for the Most Likely Latent Class Membership (Column)
by Latent Class (Row)

              1        2        3        4

    1      7.782    4.198    5.313    0.000
    2     -2.222    1.087   -6.774    0.000
    3      4.394   -0.531    6.069    0.000
    4     -6.997   -3.237   -3.632    0.000


MODEL RESULTS

                                                    Two-Tailed
                    Estimate       S.E.  Est./S.E.    P-Value

Latent Class 1

 MATH_IRT   ON
    FEMALE            -2.489      1.919     -1.297      0.195

 Means
    N#1                7.784      0.000    999.000    999.000
    N#2                4.199      0.000    999.000    999.000
    N#3                5.312      0.000    999.000    999.000

 Intercepts
    MATH_IRT          73.118      1.602     45.639      0.000

 Residual Variances
    MATH_IRT         211.181     26.376      8.006      0.000

Latent Class 2

 MATH_IRT   ON
    FEMALE            -0.989      2.347     -0.421      0.674

 Means
    N#1               -2.228      0.000    999.000    999.000
    N#2                1.087      0.000    999.000    999.000
    N#3               -6.772      0.000    999.000    999.000

 Intercepts
    MATH_IRT          66.692      2.051     32.519      0.000

 Residual Variances
    MATH_IRT         223.379     19.002     11.756      0.000

Latent Class 3

 MATH_IRT   ON
    FEMALE            -1.296      2.523     -0.514      0.607

 Means
    N#1                4.387      0.000    999.000    999.000
    N#2               -0.530      0.000    999.000    999.000
    N#3                6.070      0.000    999.000    999.000

 Intercepts
    MATH_IRT          68.593      2.144     31.995      0.000

 Residual Variances
    MATH_IRT         243.802     23.228     10.496      0.000

Latent Class 4

 MATH_IRT   ON
    FEMALE             3.082      2.485      1.240      0.215

 Means
    N#1               -7.000      0.000    999.000    999.000
    N#2               -3.236      0.000    999.000    999.000
    N#3               -3.631      0.000    999.000    999.000

 Intercepts
    MATH_IRT          66.157      2.295     28.832      0.000

 Residual Variances
    MATH_IRT         199.939     18.832     10.617      0.000

Categorical Latent Variables

 Means
    C#1               -0.004      0.058     -0.073      0.942
    C#2               -0.061      0.070     -0.877      0.380
    C#3               -0.294      0.065     -4.506      0.000

New/Additional Parameters
    DIFF12             6.427      2.796      2.299      0.022
    DIFF13             4.525      3.263      1.387      0.166
    DIFF23            -1.902      2.820     -0.674      0.500
    DIFF14             6.962      2.670      2.607      0.009
    DIFF24             0.535      3.771      0.142      0.887
    DIFF34             2.437      3.296      0.739      0.460
    SLOPE12           -1.500      3.155     -0.475      0.635
    SLOPE13           -1.193      3.594     -0.332      0.740
    SLOPE23            0.307      3.373      0.091      0.927
    SLOPE14           -5.571      3.069     -1.815      0.070
    SLOPE24           -4.071      4.054     -1.004      0.315
    SLOPE34           -4.378      3.653     -1.198      0.231


QUALITY OF NUMERICAL RESULTS

     Condition Number for the Information Matrix              0.860E-04
       (ratio of smallest to largest eigenvalue)


     Beginning Time:  22:18:14
        Ending Time:  22:18:14
       Elapsed Time:  00:00:00



MUTHEN & MUTHEN
3463 Stoner Ave.
Los Angeles, CA  90066

Tel: (310) 391-9971
Fax: (310) 391-8971
Web: www.StatModel.com
Support: Support@StatModel.com

Copyright (c) 1998-2022 Muthen & Muthen
